--train RWTH-small SPADE generator--
--train RWTH-small SPADE generator--
--train RWTH-small SPADE skeleton generator--
--train RWTH-small SPADE generator--
--train RWTH-small SPADE generator--
--train RWTH-small SPADE skeleton generator--
--train RWTH-small SPADE skeleton generator--
--train RWTH-small SPADE generator--
--train RWTH-small SPADE generator--
--train RWTH-small SPADE generator--
--train RWTH-small SPADE skeleton generator--
--train hagrid SPADE generator--
--train RWTH-small SPADE skeleton generator--
--train hagrid SPADE generator--
--train hagrid SPADE generator--
--train hagrid SPADE generator--
--train hagrid SPADE generator--
--train hagrid SPADE generator--
--train hagrid SPADE generator--
--train hagrid SPADE generator--
--train hagrid SPADE generator--
--train hagrid SPADE generator--
--train hagrid SPADE generator--
--train hagrid SPADE generator--
--train hagrid SPADE generator--
--train hagrid SPADE generator--
--train hagrid SPADE generator--
--train hagrid SPADE generator--
./scripts: line 13: te/SPADE-skeleton/run0.err: No such file or directory
--train hagrid SPADE generator--
--train hagrid SPADE generator--
--train hagrid SPADE generator--
--train hagrid SPADE generator--
--train hagrid SPADE generator--
--train hagrid SPADE generator--
--train hagrid SPADE generator--
Terminated
./scripts: line 13: r: command not found
--train hagrid SPADE generator--
--train hagrid SPADE generator--
--train hagrid SPADE generator--
--train hagrid SPADE generator--
--train hagrid SPADE generator--
--train hagrid SPADE generator--
--train hagrid SPADE generator--
--train hagrid SPADE generator--
--train hagrid SPADE generator--
--train hagrid SPADE generator--
--train hagrid SPADE generator--
--train hagrid SPADE generator--
--train hagrid SPADE generator--
--train hagrid SPADE generator--
--train hagrid SPADE generator--
--train hagrid SPADE generator--
--train hagrid SPADE generator--
--train hagrid SPADE generator--
--train hagrid SPADE generator--
--train hagrid SPADE generator--
--train hagrid SPADE generator--
--train hagrid SPADE generator--
--train hagrid SPADE generator--
--train hagrid SPADE generator--
--train hagrid SPADE generator--
--train hagrid SPADE generator--
--train hagrid SPADE generator--
--train hagrid SPADE generator--
--train hagrid SPADE generator--
--train hagrid SPADE generator--
--train hagrid SPADE generator--
--train hagrid SPADE generator--
--train hagrid SPADE generator--
--train hagrid SPADE generator--
--train hagrid SPADE generator--
--train hagrid SPADE generator--
--train hagrid SPADE generator--
--train hagrid SPADE generator--
--train hagrid SPADE generator--
--train hagrid SPADE generator--
--train hagrid SPADE generator--
--train hagrid SPADE generator--
--train hagrid SPADE generator--
--train hagrid SPADE generator--
--train hagrid SPADE generator--
--train hagrid SPADE generator--
--train hagrid SPADE generator--
--train hagrid SPADE generator--
--train hagrid SPADE generator--
--train hagrid SPADE generator--
--train hagrid SPADE generator--
--train hagrid SPADE generator--
--train hagrid SPADE generator--
--train hagrid SPADE generator--
--train hagrid SPADE generator--
--train hagrid SPADE generator--
--train hagrid SPADE generator--
--train hagrid SPADE generator--
--train hagrid SPADE generator--
--train hagrid SPADE generator--
--train hagrid SPADE generator--
--train hagrid SPADE generator--
--train hagrid SPADE generator--
--train hagrid SPADE generator--
--train hagrid SPADE generator--
--train hagrid SPADE generator--
--train hagrid SPADE generator--
--train hagrid SPADE generator--
--train hagrid SPADE generator--
--train hagrid SPADE generator--
Terminated
--train hagrid SPADE generator--
--train hagrid SPADE generator--
--train hagrid SPADE generator--
--train hagrid SPADE generator--
--train hagrid SPADE generator--
Terminated
--train hagrid SPADE generator--
--train hagrid SPADE generator--
--train hagrid SPADE generator--
--train hagrid SPADE generator--
--train hagrid SPADE generator--
--train hagrid SPADE generator--
--train hagrid SPADE generator--
--train hagrid SPADE generator--
